<?xml version="1.0" encoding="UTF-8"?>
<!-- Generated by org.testng.reporters.JUnitXMLReporter -->
<testsuite ignored="0" hostname="Aspire7" failures="1" tests="2" name="EdgeTest" time="7.628" errors="0" timestamp="2022-12-30T01:56:12 IST">
  <testcase classname="com.sauceDemo.TestClasses.TC04_VerifyTheFliterFunctionality" name="verifyTheFliterFunctionality" time="0.118">
    <failure type="java.lang.AssertionError" message="expected [] but found [Name (A to Z)
Name (Z to A)
Price (low to high)
Price (high to low)]">
      <![CDATA[java.lang.AssertionError: expected [] but found [Name (A to Z)
Name (Z to A)
Price (low to high)
Price (high to low)]
at com.sauceDemo.TestClasses.TC04_VerifyTheFliterFunctionality.verifyTheFliterFunctionality(TC04_VerifyTheFliterFunctionality.java:26)
at java.base/java.util.ArrayList.forEach(ArrayList.java:1511)
... Removed 31 stack frames]]>
    </failure>
  </testcase> <!-- verifyTheFliterFunctionality -->
  <testcase classname="com.sauceDemo.TestClasses.TC05_VerifyProductCanBeSelectedAndMovedToCheckout" name="verifyProductCanBeSelectedAndMovedToCheckout" time="2.241"/>
</testsuite> <!-- EdgeTest -->
