<?xml version="1.0" encoding="UTF-8"?>
<testng-results ignored="0" total="5" passed="4" failed="1" skipped="0">
  <reporter-output>
  </reporter-output>
  <suite started-at="2023-01-06T07:06:40 IST" name="Suite" finished-at="2023-01-06T07:07:14 IST" duration-ms="33542">
    <groups>
    </groups>
    <test started-at="2023-01-06T07:06:40 IST" name="Test" finished-at="2023-01-06T07:07:14 IST" duration-ms="33542">
      <class name="com.sauceDemo.TestClasses.TC01_VerifyLoginFunctionality">
        <test-method is-config="true" signature="beforeClass(java.lang.String)[pri:0, instance:com.sauceDemo.TestClasses.TC01_VerifyLoginFunctionality@9597028]" started-at="2023-01-06T07:07:09 IST" name="beforeClass" finished-at="2023-01-06T07:07:12 IST" duration-ms="3086" status="PASS">
          <params>
            <param index="0">
              <value>
                <![CDATA[chrome]]>
              </value>
            </param>
          </params>
          <reporter-output>
          </reporter-output>
        </test-method> <!-- beforeClass -->
        <test-method is-config="true" signature="setUp()[pri:0, instance:com.sauceDemo.TestClasses.TC01_VerifyLoginFunctionality@9597028]" started-at="2023-01-06T07:07:12 IST" name="setUp" finished-at="2023-01-06T07:07:13 IST" duration-ms="899" status="PASS">
          <reporter-output>
          </reporter-output>
        </test-method> <!-- setUp -->
        <test-method signature="verifyLoginFunctionality()[pri:0, instance:com.sauceDemo.TestClasses.TC01_VerifyLoginFunctionality@9597028]" started-at="2023-01-06T07:07:13 IST" name="verifyLoginFunctionality" finished-at="2023-01-06T07:07:13 IST" duration-ms="10" status="PASS">
          <reporter-output>
          </reporter-output>
        </test-method> <!-- verifyLoginFunctionality -->
        <test-method is-config="true" signature="tearDown()[pri:0, instance:com.sauceDemo.TestClasses.TC01_VerifyLoginFunctionality@9597028]" started-at="2023-01-06T07:07:13 IST" name="tearDown" finished-at="2023-01-06T07:07:13 IST" duration-ms="367" status="PASS">
          <reporter-output>
          </reporter-output>
        </test-method> <!-- tearDown -->
        <test-method is-config="true" signature="afterClass()[pri:0, instance:com.sauceDemo.TestClasses.TC01_VerifyLoginFunctionality@9597028]" started-at="2023-01-06T07:07:13 IST" name="afterClass" finished-at="2023-01-06T07:07:14 IST" duration-ms="250" status="PASS">
          <reporter-output>
          </reporter-output>
        </test-method> <!-- afterClass -->
      </class> <!-- com.sauceDemo.TestClasses.TC01_VerifyLoginFunctionality -->
      <class name="com.sauceDemo.TestClasses.TC03_VerifyAllProductsCanBeAddedToCart">
        <test-method is-config="true" signature="beforeClass(java.lang.String)[pri:0, instance:com.sauceDemo.TestClasses.TC03_VerifyAllProductsCanBeAddedToCart@7f3b84b8]" started-at="2023-01-06T07:06:40 IST" name="beforeClass" finished-at="2023-01-06T07:06:47 IST" duration-ms="7250" status="PASS">
          <params>
            <param index="0">
              <value>
                <![CDATA[chrome]]>
              </value>
            </param>
          </params>
          <reporter-output>
          </reporter-output>
        </test-method> <!-- beforeClass -->
        <test-method is-config="true" signature="setUp()[pri:0, instance:com.sauceDemo.TestClasses.TC03_VerifyAllProductsCanBeAddedToCart@7f3b84b8]" started-at="2023-01-06T07:06:47 IST" name="setUp" finished-at="2023-01-06T07:06:48 IST" duration-ms="908" status="PASS">
          <reporter-output>
          </reporter-output>
        </test-method> <!-- setUp -->
        <test-method signature="verifyAllProductsCanBeAddedToCart()[pri:0, instance:com.sauceDemo.TestClasses.TC03_VerifyAllProductsCanBeAddedToCart@7f3b84b8]" started-at="2023-01-06T07:06:48 IST" name="verifyAllProductsCanBeAddedToCart" finished-at="2023-01-06T07:06:55 IST" duration-ms="6516" status="PASS">
          <reporter-output>
          </reporter-output>
        </test-method> <!-- verifyAllProductsCanBeAddedToCart -->
        <test-method is-config="true" signature="tearDown()[pri:0, instance:com.sauceDemo.TestClasses.TC03_VerifyAllProductsCanBeAddedToCart@7f3b84b8]" started-at="2023-01-06T07:06:55 IST" name="tearDown" finished-at="2023-01-06T07:06:55 IST" duration-ms="268" status="PASS">
          <reporter-output>
          </reporter-output>
        </test-method> <!-- tearDown -->
        <test-method is-config="true" signature="afterClass()[pri:0, instance:com.sauceDemo.TestClasses.TC03_VerifyAllProductsCanBeAddedToCart@7f3b84b8]" started-at="2023-01-06T07:06:55 IST" name="afterClass" finished-at="2023-01-06T07:06:55 IST" duration-ms="280" status="PASS">
          <reporter-output>
          </reporter-output>
        </test-method> <!-- afterClass -->
      </class> <!-- com.sauceDemo.TestClasses.TC03_VerifyAllProductsCanBeAddedToCart -->
      <class name="com.sauceDemo.TestClasses.TC02_VerifyLogoutFunctionality">
        <test-method is-config="true" signature="beforeClass(java.lang.String)[pri:0, instance:com.sauceDemo.TestClasses.TC02_VerifyLogoutFunctionality@223191a6]" started-at="2023-01-06T07:07:01 IST" name="beforeClass" finished-at="2023-01-06T07:07:04 IST" duration-ms="2494" status="PASS">
          <params>
            <param index="0">
              <value>
                <![CDATA[chrome]]>
              </value>
            </param>
          </params>
          <reporter-output>
          </reporter-output>
        </test-method> <!-- beforeClass -->
        <test-method is-config="true" signature="setUp()[pri:0, instance:com.sauceDemo.TestClasses.TC02_VerifyLogoutFunctionality@223191a6]" started-at="2023-01-06T07:07:04 IST" name="setUp" finished-at="2023-01-06T07:07:04 IST" duration-ms="489" status="PASS">
          <reporter-output>
          </reporter-output>
        </test-method> <!-- setUp -->
        <test-method signature="verifyLogoutFunctionality()[pri:0, instance:com.sauceDemo.TestClasses.TC02_VerifyLogoutFunctionality@223191a6]" started-at="2023-01-06T07:07:04 IST" name="verifyLogoutFunctionality" finished-at="2023-01-06T07:07:04 IST" duration-ms="98" status="PASS">
          <reporter-output>
          </reporter-output>
        </test-method> <!-- verifyLogoutFunctionality -->
        <test-method is-config="true" signature="tearDown()[pri:0, instance:com.sauceDemo.TestClasses.TC02_VerifyLogoutFunctionality@223191a6]" started-at="2023-01-06T07:07:04 IST" name="tearDown" finished-at="2023-01-06T07:07:05 IST" duration-ms="252" status="PASS">
          <reporter-output>
          </reporter-output>
        </test-method> <!-- tearDown -->
        <test-method is-config="true" signature="afterClass()[pri:0, instance:com.sauceDemo.TestClasses.TC02_VerifyLogoutFunctionality@223191a6]" started-at="2023-01-06T07:07:05 IST" name="afterClass" finished-at="2023-01-06T07:07:05 IST" duration-ms="191" status="PASS">
          <reporter-output>
          </reporter-output>
        </test-method> <!-- afterClass -->
      </class> <!-- com.sauceDemo.TestClasses.TC02_VerifyLogoutFunctionality -->
      <class name="com.sauceDemo.TestClasses.TC05_VerifyProductCanBeSelectedAndMovedToCheckout">
        <test-method is-config="true" signature="beforeClass(java.lang.String)[pri:0, instance:com.sauceDemo.TestClasses.TC05_VerifyProductCanBeSelectedAndMovedToCheckout@4ec4f3a0]" started-at="2023-01-06T07:06:55 IST" name="beforeClass" finished-at="2023-01-06T07:06:58 IST" duration-ms="2396" status="PASS">
          <params>
            <param index="0">
              <value>
                <![CDATA[chrome]]>
              </value>
            </param>
          </params>
          <reporter-output>
          </reporter-output>
        </test-method> <!-- beforeClass -->
        <test-method is-config="true" signature="setUp()[pri:0, instance:com.sauceDemo.TestClasses.TC05_VerifyProductCanBeSelectedAndMovedToCheckout@4ec4f3a0]" started-at="2023-01-06T07:06:58 IST" name="setUp" finished-at="2023-01-06T07:06:58 IST" duration-ms="564" status="PASS">
          <reporter-output>
          </reporter-output>
        </test-method> <!-- setUp -->
        <test-method signature="verifyProductCanBeSelectedAndMovedToCheckout()[pri:0, instance:com.sauceDemo.TestClasses.TC05_VerifyProductCanBeSelectedAndMovedToCheckout@4ec4f3a0]" started-at="2023-01-06T07:06:58 IST" name="verifyProductCanBeSelectedAndMovedToCheckout" finished-at="2023-01-06T07:07:01 IST" duration-ms="2314" status="PASS">
          <reporter-output>
          </reporter-output>
        </test-method> <!-- verifyProductCanBeSelectedAndMovedToCheckout -->
        <test-method is-config="true" signature="tearDown()[pri:0, instance:com.sauceDemo.TestClasses.TC05_VerifyProductCanBeSelectedAndMovedToCheckout@4ec4f3a0]" started-at="2023-01-06T07:07:01 IST" name="tearDown" finished-at="2023-01-06T07:07:01 IST" duration-ms="261" status="PASS">
          <reporter-output>
          </reporter-output>
        </test-method> <!-- tearDown -->
        <test-method is-config="true" signature="afterClass()[pri:0, instance:com.sauceDemo.TestClasses.TC05_VerifyProductCanBeSelectedAndMovedToCheckout@4ec4f3a0]" started-at="2023-01-06T07:07:01 IST" name="afterClass" finished-at="2023-01-06T07:07:01 IST" duration-ms="293" status="PASS">
          <reporter-output>
          </reporter-output>
        </test-method> <!-- afterClass -->
      </class> <!-- com.sauceDemo.TestClasses.TC05_VerifyProductCanBeSelectedAndMovedToCheckout -->
      <class name="com.sauceDemo.TestClasses.TC04_VerifyTheFliterFunctionality">
        <test-method is-config="true" signature="beforeClass(java.lang.String)[pri:0, instance:com.sauceDemo.TestClasses.TC04_VerifyTheFliterFunctionality@49139829]" started-at="2023-01-06T07:07:05 IST" name="beforeClass" finished-at="2023-01-06T07:07:07 IST" duration-ms="2456" status="PASS">
          <params>
            <param index="0">
              <value>
                <![CDATA[chrome]]>
              </value>
            </param>
          </params>
          <reporter-output>
          </reporter-output>
        </test-method> <!-- beforeClass -->
        <test-method is-config="true" signature="setUp()[pri:0, instance:com.sauceDemo.TestClasses.TC04_VerifyTheFliterFunctionality@49139829]" started-at="2023-01-06T07:07:07 IST" name="setUp" finished-at="2023-01-06T07:07:08 IST" duration-ms="832" status="PASS">
          <reporter-output>
          </reporter-output>
        </test-method> <!-- setUp -->
        <test-method signature="verifyTheFliterFunctionality()[pri:0, instance:com.sauceDemo.TestClasses.TC04_VerifyTheFliterFunctionality@49139829]" started-at="2023-01-06T07:07:08 IST" name="verifyTheFliterFunctionality" finished-at="2023-01-06T07:07:08 IST" duration-ms="390" status="FAIL">
          <exception class="java.lang.AssertionError">
            <message>
              <![CDATA[expected [] but found [Name (A to Z)
Name (Z to A)
Price (low to high)
Price (high to low)]]]>
            </message>
            <full-stacktrace>
              <![CDATA[java.lang.AssertionError: expected [] but found [Name (A to Z)
Name (Z to A)
Price (low to high)
Price (high to low)]
at org.testng.Assert.fail(Assert.java:99)
at org.testng.Assert.failNotEquals(Assert.java:1037)
at org.testng.Assert.assertEqualsImpl(Assert.java:140)
at org.testng.Assert.assertEquals(Assert.java:122)
at org.testng.Assert.assertEquals(Assert.java:629)
at org.testng.Assert.assertEquals(Assert.java:639)
at com.sauceDemo.TestClasses.TC04_VerifyTheFliterFunctionality.verifyTheFliterFunctionality(TC04_VerifyTheFliterFunctionality.java:26)
at java.base/jdk.internal.reflect.DirectMethodHandleAccessor.invoke(DirectMethodHandleAccessor.java:104)
at java.base/java.lang.reflect.Method.invoke(Method.java:577)
at org.testng.internal.MethodInvocationHelper.invokeMethod(MethodInvocationHelper.java:133)
at org.testng.internal.TestInvoker.invokeMethod(TestInvoker.java:598)
at org.testng.internal.TestInvoker.invokeTestMethod(TestInvoker.java:173)
at org.testng.internal.MethodRunner.runInSequence(MethodRunner.java:46)
at org.testng.internal.TestInvoker$MethodInvocationAgent.invoke(TestInvoker.java:824)
at org.testng.internal.TestInvoker.invokeTestMethods(TestInvoker.java:146)
at org.testng.internal.TestMethodWorker.invokeTestMethods(TestMethodWorker.java:146)
at org.testng.internal.TestMethodWorker.run(TestMethodWorker.java:128)
at java.base/java.util.ArrayList.forEach(ArrayList.java:1511)
at org.testng.TestRunner.privateRun(TestRunner.java:794)
at org.testng.TestRunner.run(TestRunner.java:596)
at org.testng.SuiteRunner.runTest(SuiteRunner.java:377)
at org.testng.SuiteRunner.runSequentially(SuiteRunner.java:371)
at org.testng.SuiteRunner.privateRun(SuiteRunner.java:332)
at org.testng.SuiteRunner.run(SuiteRunner.java:276)
at org.testng.SuiteRunnerWorker.runSuite(SuiteRunnerWorker.java:53)
at org.testng.SuiteRunnerWorker.run(SuiteRunnerWorker.java:96)
at org.testng.TestNG.runSuitesSequentially(TestNG.java:1212)
at org.testng.TestNG.runSuitesLocally(TestNG.java:1134)
at org.testng.TestNG.runSuites(TestNG.java:1063)
at org.testng.TestNG.run(TestNG.java:1031)
at org.testng.remote.AbstractRemoteTestNG.run(AbstractRemoteTestNG.java:115)
at org.testng.remote.RemoteTestNG.initAndRun(RemoteTestNG.java:251)
at org.testng.remote.RemoteTestNG.main(RemoteTestNG.java:77)
]]>
            </full-stacktrace>
          </exception> <!-- java.lang.AssertionError -->
          <reporter-output>
          </reporter-output>
        </test-method> <!-- verifyTheFliterFunctionality -->
        <test-method is-config="true" signature="tearDown()[pri:0, instance:com.sauceDemo.TestClasses.TC04_VerifyTheFliterFunctionality@49139829]" started-at="2023-01-06T07:07:08 IST" name="tearDown" finished-at="2023-01-06T07:07:09 IST" duration-ms="294" status="PASS">
          <reporter-output>
          </reporter-output>
        </test-method> <!-- tearDown -->
        <test-method is-config="true" signature="afterClass()[pri:0, instance:com.sauceDemo.TestClasses.TC04_VerifyTheFliterFunctionality@49139829]" started-at="2023-01-06T07:07:09 IST" name="afterClass" finished-at="2023-01-06T07:07:09 IST" duration-ms="314" status="PASS">
          <reporter-output>
          </reporter-output>
        </test-method> <!-- afterClass -->
      </class> <!-- com.sauceDemo.TestClasses.TC04_VerifyTheFliterFunctionality -->
    </test> <!-- Test -->
  </suite> <!-- Suite -->
</testng-results>
